<?xml version="1.0" encoding="UTF-8"?>
<testsuite xmlns:xsi="http://www.w3.org/2001/XMLSchema-instance" xsi:noNamespaceSchemaLocation="https://maven.apache.org/surefire/maven-surefire-plugin/xsd/surefire-test-report.xsd" name="com.flefel.CodingExercise.interactors.OffersSearchValidatorUseCaseTest" time="0.798" tests="9" errors="0" skipped="0" failures="0">
  <properties>
    <property name="sun.desktop" value="windows"/>
    <property name="awt.toolkit" value="sun.awt.windows.WToolkit"/>
    <property name="file.encoding.pkg" value="sun.io"/>
    <property name="java.specification.version" value="1.8"/>
    <property name="sun.cpu.isalist" value="amd64"/>
    <property name="sun.jnu.encoding" value="Cp1256"/>
    <property name="java.class.path" value="C:\Users\mflef\IdeaProjects\CodingExercisevNew\target\test-classes;C:\Users\mflef\IdeaProjects\CodingExercisevNew\target\classes;C:\Users\mflef\.m2\repository\com\google\code\gson\gson\2.7\gson-2.7.jar;C:\Users\mflef\.m2\repository\com\vaadin\vaadin-server\8.3.1\vaadin-server-8.3.1.jar;C:\Users\mflef\.m2\repository\com\vaadin\vaadin-sass-compiler\0.9.13\vaadin-sass-compiler-0.9.13.jar;C:\Users\mflef\.m2\repository\org\w3c\css\sac\1.3\sac-1.3.jar;C:\Users\mflef\.m2\repository\com\vaadin\external\flute\flute\1.3.0.gg2\flute-1.3.0.gg2.jar;C:\Users\mflef\.m2\repository\com\vaadin\vaadin-shared\8.3.1\vaadin-shared-8.3.1.jar;C:\Users\mflef\.m2\repository\org\jsoup\jsoup\1.11.2\jsoup-1.11.2.jar;C:\Users\mflef\.m2\repository\com\vaadin\external\gentyref\1.2.0.vaadin1\gentyref-1.2.0.vaadin1.jar;C:\Users\mflef\.m2\repository\javax\servlet\javax.servlet-api\3.1.0\javax.servlet-api-3.1.0.jar;C:\Users\mflef\.m2\repository\com\vaadin\vaadin-client-compiler\8.3.1\vaadin-client-compiler-8.3.1.jar;C:\Users\mflef\.m2\repository\com\vaadin\vaadin-client\8.3.1\vaadin-client-8.3.1.jar;C:\Users\mflef\.m2\repository\com\google\gwt\gwt-elemental\2.8.2\gwt-elemental-2.8.2.jar;C:\Users\mflef\.m2\repository\com\google\gwt\gwt-user\2.8.2\gwt-user-2.8.2.jar;C:\Users\mflef\.m2\repository\com\google\jsinterop\jsinterop-annotations\1.0.2\jsinterop-annotations-1.0.2.jar;C:\Users\mflef\.m2\repository\com\google\jsinterop\jsinterop-annotations\1.0.2\jsinterop-annotations-1.0.2-sources.jar;C:\Users\mflef\.m2\repository\javax\validation\validation-api\1.0.0.GA\validation-api-1.0.0.GA.jar;C:\Users\mflef\.m2\repository\javax\validation\validation-api\1.0.0.GA\validation-api-1.0.0.GA-sources.jar;C:\Users\mflef\.m2\repository\com\google\gwt\gwt-dev\2.8.2\gwt-dev-2.8.2.jar;C:\Users\mflef\.m2\repository\com\google\code\findbugs\jsr305\1.3.9\jsr305-1.3.9.jar;C:\Users\mflef\.m2\repository\org\ow2\asm\asm\5.0.3\asm-5.0.3.jar;C:\Users\mflef\.m2\repository\org\ow2\asm\asm-util\5.0.3\asm-util-5.0.3.jar;C:\Users\mflef\.m2\repository\org\ow2\asm\asm-tree\5.0.3\asm-tree-5.0.3.jar;C:\Users\mflef\.m2\repository\org\ow2\asm\asm-commons\5.0.3\asm-commons-5.0.3.jar;C:\Users\mflef\.m2\repository\colt\colt\1.2.0\colt-1.2.0.jar;C:\Users\mflef\.m2\repository\ant\ant\1.6.5\ant-1.6.5.jar;C:\Users\mflef\.m2\repository\commons-collections\commons-collections\3.2.2\commons-collections-3.2.2.jar;C:\Users\mflef\.m2\repository\commons-io\commons-io\2.4\commons-io-2.4.jar;C:\Users\mflef\.m2\repository\com\ibm\icu\icu4j\50.1.1\icu4j-50.1.1.jar;C:\Users\mflef\.m2\repository\tapestry\tapestry\4.0.2\tapestry-4.0.2.jar;C:\Users\mflef\.m2\repository\net\sourceforge\htmlunit\htmlunit\2.19\htmlunit-2.19.jar;C:\Users\mflef\.m2\repository\xalan\xalan\2.7.2\xalan-2.7.2.jar;C:\Users\mflef\.m2\repository\xalan\serializer\2.7.2\serializer-2.7.2.jar;C:\Users\mflef\.m2\repository\org\apache\commons\commons-lang3\3.4\commons-lang3-3.4.jar;C:\Users\mflef\.m2\repository\org\apache\httpcomponents\httpclient\4.5.1\httpclient-4.5.1.jar;C:\Users\mflef\.m2\repository\org\apache\httpcomponents\httpcore\4.4.3\httpcore-4.4.3.jar;C:\Users\mflef\.m2\repository\org\apache\httpcomponents\httpmime\4.5.1\httpmime-4.5.1.jar;C:\Users\mflef\.m2\repository\commons-codec\commons-codec\1.10\commons-codec-1.10.jar;C:\Users\mflef\.m2\repository\net\sourceforge\htmlunit\htmlunit-core-js\2.17\htmlunit-core-js-2.17.jar;C:\Users\mflef\.m2\repository\xerces\xercesImpl\2.11.0\xercesImpl-2.11.0.jar;C:\Users\mflef\.m2\repository\xml-apis\xml-apis\1.4.01\xml-apis-1.4.01.jar;C:\Users\mflef\.m2\repository\net\sourceforge\nekohtml\nekohtml\1.9.22\nekohtml-1.9.22.jar;C:\Users\mflef\.m2\repository\net\sourceforge\cssparser\cssparser\0.9.18\cssparser-0.9.18.jar;C:\Users\mflef\.m2\repository\commons-logging\commons-logging\1.2\commons-logging-1.2.jar;C:\Users\mflef\.m2\repository\org\eclipse\jetty\websocket\websocket-client\9.2.13.v20150730\websocket-client-9.2.13.v20150730.jar;C:\Users\mflef\.m2\repository\org\eclipse\jetty\websocket\websocket-common\9.2.13.v20150730\websocket-common-9.2.13.v20150730.jar;C:\Users\mflef\.m2\repository\org\eclipse\jetty\websocket\websocket-api\9.2.13.v20150730\websocket-api-9.2.13.v20150730.jar;C:\Users\mflef\.m2\repository\org\eclipse\jetty\jetty-webapp\9.2.14.v20151106\jetty-webapp-9.2.14.v20151106.jar;C:\Users\mflef\.m2\repository\org\eclipse\jetty\jetty-xml\9.2.14.v20151106\jetty-xml-9.2.14.v20151106.jar;C:\Users\mflef\.m2\repository\org\eclipse\jetty\jetty-servlet\9.2.14.v20151106\jetty-servlet-9.2.14.v20151106.jar;C:\Users\mflef\.m2\repository\org\eclipse\jetty\jetty-security\9.2.14.v20151106\jetty-security-9.2.14.v20151106.jar;C:\Users\mflef\.m2\repository\org\eclipse\jetty\jetty-servlets\9.2.14.v20151106\jetty-servlets-9.2.14.v20151106.jar;C:\Users\mflef\.m2\repository\org\eclipse\jetty\jetty-continuation\9.2.14.v20151106\jetty-continuation-9.2.14.v20151106.jar;C:\Users\mflef\.m2\repository\org\eclipse\jetty\jetty-http\9.2.14.v20151106\jetty-http-9.2.14.v20151106.jar;C:\Users\mflef\.m2\repository\org\eclipse\jetty\jetty-util\9.2.14.v20151106\jetty-util-9.2.14.v20151106.jar;C:\Users\mflef\.m2\repository\org\eclipse\jetty\jetty-io\9.2.14.v20151106\jetty-io-9.2.14.v20151106.jar;C:\Users\mflef\.m2\repository\org\eclipse\jetty\jetty-annotations\9.2.14.v20151106\jetty-annotations-9.2.14.v20151106.jar;C:\Users\mflef\.m2\repository\org\eclipse\jetty\jetty-plus\9.2.14.v20151106\jetty-plus-9.2.14.v20151106.jar;C:\Users\mflef\.m2\repository\org\eclipse\jetty\jetty-jndi\9.2.14.v20151106\jetty-jndi-9.2.14.v20151106.jar;C:\Users\mflef\.m2\repository\javax\annotation\javax.annotation-api\1.2\javax.annotation-api-1.2.jar;C:\Users\mflef\.m2\repository\org\eclipse\jetty\apache-jsp\9.2.14.v20151106\apache-jsp-9.2.14.v20151106.jar;C:\Users\mflef\.m2\repository\org\eclipse\jetty\jetty-server\9.2.14.v20151106\jetty-server-9.2.14.v20151106.jar;C:\Users\mflef\.m2\repository\org\eclipse\jetty\toolchain\jetty-schemas\3.1.M0\jetty-schemas-3.1.M0.jar;C:\Users\mflef\.m2\repository\org\mortbay\jasper\apache-jsp\8.0.9.M3\apache-jsp-8.0.9.M3.jar;C:\Users\mflef\.m2\repository\org\mortbay\jasper\apache-el\8.0.9.M3\apache-el-8.0.9.M3.jar;C:\Users\mflef\.m2\repository\com\vaadin\vaadin-client-compiled\8.3.1\vaadin-client-compiled-8.3.1.jar;C:\Users\mflef\.m2\repository\junit\junit\4.11\junit-4.11.jar;C:\Users\mflef\.m2\repository\org\hamcrest\hamcrest-core\1.3\hamcrest-core-1.3.jar;"/>
    <property name="java.vm.vendor" value="Oracle Corporation"/>
    <property name="sun.arch.data.model" value="64"/>
    <property name="user.variant" value=""/>
    <property name="java.vendor.url" value="http://java.oracle.com/"/>
    <property name="user.timezone" value=""/>
    <property name="java.vm.specification.version" value="1.8"/>
    <property name="os.name" value="Windows 10"/>
    <property name="user.country" value="US"/>
    <property name="sun.java.launcher" value="SUN_STANDARD"/>
    <property name="sun.boot.library.path" value="C:\Program Files\Java\jdk1.8.0_161\jre\bin"/>
    <property name="sun.java.command" value="C:\Users\mflef\AppData\Local\Temp\surefire4466108041892347768\surefirebooter6535862977374512271.jar C:\Users\mflef\AppData\Local\Temp\surefire4466108041892347768 2018-03-04T23-39-19_298-jvmRun1 surefire3748190238360418887tmp surefire_02399780854004125272tmp"/>
    <property name="surefire.test.class.path" value="C:\Users\mflef\IdeaProjects\CodingExercisevNew\target\test-classes;C:\Users\mflef\IdeaProjects\CodingExercisevNew\target\classes;C:\Users\mflef\.m2\repository\com\google\code\gson\gson\2.7\gson-2.7.jar;C:\Users\mflef\.m2\repository\com\vaadin\vaadin-server\8.3.1\vaadin-server-8.3.1.jar;C:\Users\mflef\.m2\repository\com\vaadin\vaadin-sass-compiler\0.9.13\vaadin-sass-compiler-0.9.13.jar;C:\Users\mflef\.m2\repository\org\w3c\css\sac\1.3\sac-1.3.jar;C:\Users\mflef\.m2\repository\com\vaadin\external\flute\flute\1.3.0.gg2\flute-1.3.0.gg2.jar;C:\Users\mflef\.m2\repository\com\vaadin\vaadin-shared\8.3.1\vaadin-shared-8.3.1.jar;C:\Users\mflef\.m2\repository\org\jsoup\jsoup\1.11.2\jsoup-1.11.2.jar;C:\Users\mflef\.m2\repository\com\vaadin\external\gentyref\1.2.0.vaadin1\gentyref-1.2.0.vaadin1.jar;C:\Users\mflef\.m2\repository\javax\servlet\javax.servlet-api\3.1.0\javax.servlet-api-3.1.0.jar;C:\Users\mflef\.m2\repository\com\vaadin\vaadin-client-compiler\8.3.1\vaadin-client-compiler-8.3.1.jar;C:\Users\mflef\.m2\repository\com\vaadin\vaadin-client\8.3.1\vaadin-client-8.3.1.jar;C:\Users\mflef\.m2\repository\com\google\gwt\gwt-elemental\2.8.2\gwt-elemental-2.8.2.jar;C:\Users\mflef\.m2\repository\com\google\gwt\gwt-user\2.8.2\gwt-user-2.8.2.jar;C:\Users\mflef\.m2\repository\com\google\jsinterop\jsinterop-annotations\1.0.2\jsinterop-annotations-1.0.2.jar;C:\Users\mflef\.m2\repository\com\google\jsinterop\jsinterop-annotations\1.0.2\jsinterop-annotations-1.0.2-sources.jar;C:\Users\mflef\.m2\repository\javax\validation\validation-api\1.0.0.GA\validation-api-1.0.0.GA.jar;C:\Users\mflef\.m2\repository\javax\validation\validation-api\1.0.0.GA\validation-api-1.0.0.GA-sources.jar;C:\Users\mflef\.m2\repository\com\google\gwt\gwt-dev\2.8.2\gwt-dev-2.8.2.jar;C:\Users\mflef\.m2\repository\com\google\code\findbugs\jsr305\1.3.9\jsr305-1.3.9.jar;C:\Users\mflef\.m2\repository\org\ow2\asm\asm\5.0.3\asm-5.0.3.jar;C:\Users\mflef\.m2\repository\org\ow2\asm\asm-util\5.0.3\asm-util-5.0.3.jar;C:\Users\mflef\.m2\repository\org\ow2\asm\asm-tree\5.0.3\asm-tree-5.0.3.jar;C:\Users\mflef\.m2\repository\org\ow2\asm\asm-commons\5.0.3\asm-commons-5.0.3.jar;C:\Users\mflef\.m2\repository\colt\colt\1.2.0\colt-1.2.0.jar;C:\Users\mflef\.m2\repository\ant\ant\1.6.5\ant-1.6.5.jar;C:\Users\mflef\.m2\repository\commons-collections\commons-collections\3.2.2\commons-collections-3.2.2.jar;C:\Users\mflef\.m2\repository\commons-io\commons-io\2.4\commons-io-2.4.jar;C:\Users\mflef\.m2\repository\com\ibm\icu\icu4j\50.1.1\icu4j-50.1.1.jar;C:\Users\mflef\.m2\repository\tapestry\tapestry\4.0.2\tapestry-4.0.2.jar;C:\Users\mflef\.m2\repository\net\sourceforge\htmlunit\htmlunit\2.19\htmlunit-2.19.jar;C:\Users\mflef\.m2\repository\xalan\xalan\2.7.2\xalan-2.7.2.jar;C:\Users\mflef\.m2\repository\xalan\serializer\2.7.2\serializer-2.7.2.jar;C:\Users\mflef\.m2\repository\org\apache\commons\commons-lang3\3.4\commons-lang3-3.4.jar;C:\Users\mflef\.m2\repository\org\apache\httpcomponents\httpclient\4.5.1\httpclient-4.5.1.jar;C:\Users\mflef\.m2\repository\org\apache\httpcomponents\httpcore\4.4.3\httpcore-4.4.3.jar;C:\Users\mflef\.m2\repository\org\apache\httpcomponents\httpmime\4.5.1\httpmime-4.5.1.jar;C:\Users\mflef\.m2\repository\commons-codec\commons-codec\1.10\commons-codec-1.10.jar;C:\Users\mflef\.m2\repository\net\sourceforge\htmlunit\htmlunit-core-js\2.17\htmlunit-core-js-2.17.jar;C:\Users\mflef\.m2\repository\xerces\xercesImpl\2.11.0\xercesImpl-2.11.0.jar;C:\Users\mflef\.m2\repository\xml-apis\xml-apis\1.4.01\xml-apis-1.4.01.jar;C:\Users\mflef\.m2\repository\net\sourceforge\nekohtml\nekohtml\1.9.22\nekohtml-1.9.22.jar;C:\Users\mflef\.m2\repository\net\sourceforge\cssparser\cssparser\0.9.18\cssparser-0.9.18.jar;C:\Users\mflef\.m2\repository\commons-logging\commons-logging\1.2\commons-logging-1.2.jar;C:\Users\mflef\.m2\repository\org\eclipse\jetty\websocket\websocket-client\9.2.13.v20150730\websocket-client-9.2.13.v20150730.jar;C:\Users\mflef\.m2\repository\org\eclipse\jetty\websocket\websocket-common\9.2.13.v20150730\websocket-common-9.2.13.v20150730.jar;C:\Users\mflef\.m2\repository\org\eclipse\jetty\websocket\websocket-api\9.2.13.v20150730\websocket-api-9.2.13.v20150730.jar;C:\Users\mflef\.m2\repository\org\eclipse\jetty\jetty-webapp\9.2.14.v20151106\jetty-webapp-9.2.14.v20151106.jar;C:\Users\mflef\.m2\repository\org\eclipse\jetty\jetty-xml\9.2.14.v20151106\jetty-xml-9.2.14.v20151106.jar;C:\Users\mflef\.m2\repository\org\eclipse\jetty\jetty-servlet\9.2.14.v20151106\jetty-servlet-9.2.14.v20151106.jar;C:\Users\mflef\.m2\repository\org\eclipse\jetty\jetty-security\9.2.14.v20151106\jetty-security-9.2.14.v20151106.jar;C:\Users\mflef\.m2\repository\org\eclipse\jetty\jetty-servlets\9.2.14.v20151106\jetty-servlets-9.2.14.v20151106.jar;C:\Users\mflef\.m2\repository\org\eclipse\jetty\jetty-continuation\9.2.14.v20151106\jetty-continuation-9.2.14.v20151106.jar;C:\Users\mflef\.m2\repository\org\eclipse\jetty\jetty-http\9.2.14.v20151106\jetty-http-9.2.14.v20151106.jar;C:\Users\mflef\.m2\repository\org\eclipse\jetty\jetty-util\9.2.14.v20151106\jetty-util-9.2.14.v20151106.jar;C:\Users\mflef\.m2\repository\org\eclipse\jetty\jetty-io\9.2.14.v20151106\jetty-io-9.2.14.v20151106.jar;C:\Users\mflef\.m2\repository\org\eclipse\jetty\jetty-annotations\9.2.14.v20151106\jetty-annotations-9.2.14.v20151106.jar;C:\Users\mflef\.m2\repository\org\eclipse\jetty\jetty-plus\9.2.14.v20151106\jetty-plus-9.2.14.v20151106.jar;C:\Users\mflef\.m2\repository\org\eclipse\jetty\jetty-jndi\9.2.14.v20151106\jetty-jndi-9.2.14.v20151106.jar;C:\Users\mflef\.m2\repository\javax\annotation\javax.annotation-api\1.2\javax.annotation-api-1.2.jar;C:\Users\mflef\.m2\repository\org\eclipse\jetty\apache-jsp\9.2.14.v20151106\apache-jsp-9.2.14.v20151106.jar;C:\Users\mflef\.m2\repository\org\eclipse\jetty\jetty-server\9.2.14.v20151106\jetty-server-9.2.14.v20151106.jar;C:\Users\mflef\.m2\repository\org\eclipse\jetty\toolchain\jetty-schemas\3.1.M0\jetty-schemas-3.1.M0.jar;C:\Users\mflef\.m2\repository\org\mortbay\jasper\apache-jsp\8.0.9.M3\apache-jsp-8.0.9.M3.jar;C:\Users\mflef\.m2\repository\org\mortbay\jasper\apache-el\8.0.9.M3\apache-el-8.0.9.M3.jar;C:\Users\mflef\.m2\repository\com\vaadin\vaadin-client-compiled\8.3.1\vaadin-client-compiled-8.3.1.jar;C:\Users\mflef\.m2\repository\junit\junit\4.11\junit-4.11.jar;C:\Users\mflef\.m2\repository\org\hamcrest\hamcrest-core\1.3\hamcrest-core-1.3.jar;"/>
    <property name="sun.cpu.endian" value="little"/>
    <property name="user.home" value="C:\Users\mflef"/>
    <property name="user.language" value="en"/>
    <property name="java.specification.vendor" value="Oracle Corporation"/>
    <property name="java.home" value="C:\Program Files\Java\jdk1.8.0_161\jre"/>
    <property name="basedir" value="C:\Users\mflef\IdeaProjects\CodingExercisevNew"/>
    <property name="file.separator" value="\"/>
    <property name="line.separator" value="&#10;"/>
    <property name="java.vm.specification.vendor" value="Oracle Corporation"/>
    <property name="java.specification.name" value="Java Platform API Specification"/>
    <property name="java.awt.graphicsenv" value="sun.awt.Win32GraphicsEnvironment"/>
    <property name="surefire.real.class.path" value="C:\Users\mflef\AppData\Local\Temp\surefire4466108041892347768\surefirebooter6535862977374512271.jar"/>
    <property name="sun.boot.class.path" value="C:\Program Files\Java\jdk1.8.0_161\jre\lib\resources.jar;C:\Program Files\Java\jdk1.8.0_161\jre\lib\rt.jar;C:\Program Files\Java\jdk1.8.0_161\jre\lib\sunrsasign.jar;C:\Program Files\Java\jdk1.8.0_161\jre\lib\jsse.jar;C:\Program Files\Java\jdk1.8.0_161\jre\lib\jce.jar;C:\Program Files\Java\jdk1.8.0_161\jre\lib\charsets.jar;C:\Program Files\Java\jdk1.8.0_161\jre\lib\jfr.jar;C:\Program Files\Java\jdk1.8.0_161\jre\classes"/>
    <property name="user.script" value=""/>
    <property name="sun.management.compiler" value="HotSpot 64-Bit Tiered Compilers"/>
    <property name="java.runtime.version" value="1.8.0_161-b12"/>
    <property name="user.name" value="mflef"/>
    <property name="path.separator" value=";"/>
    <property name="os.version" value="10.0"/>
    <property name="java.endorsed.dirs" value="C:\Program Files\Java\jdk1.8.0_161\jre\lib\endorsed"/>
    <property name="java.runtime.name" value="Java(TM) SE Runtime Environment"/>
    <property name="file.encoding" value="Cp1256"/>
    <property name="java.vm.name" value="Java HotSpot(TM) 64-Bit Server VM"/>
    <property name="localRepository" value="C:\Users\mflef\.m2\repository"/>
    <property name="java.vendor.url.bug" value="http://bugreport.sun.com/bugreport/"/>
    <property name="java.io.tmpdir" value="C:\Users\mflef\AppData\Local\Temp\"/>
    <property name="java.version" value="1.8.0_161"/>
    <property name="user.dir" value="C:\Users\mflef\IdeaProjects\CodingExercisevNew"/>
    <property name="os.arch" value="amd64"/>
    <property name="java.vm.specification.name" value="Java Virtual Machine Specification"/>
    <property name="java.awt.printerjob" value="sun.awt.windows.WPrinterJob"/>
    <property name="sun.os.patch.level" value=""/>
    <property name="java.library.path" value="C:\Program Files\Java\jdk1.8.0_161\jre\bin;C:\WINDOWS\Sun\Java\bin;C:\WINDOWS\system32;C:\WINDOWS;C:\ProgramData\Oracle\Java\javapath;C:\WINDOWS\system32;C:\WINDOWS;C:\WINDOWS\System32\Wbem;C:\WINDOWS\System32\WindowsPowerShell\v1.0\;%USERPROFILE%\.dnx\bin;C:\Program Files\Microsoft DNX\Dnvm\;C:\Program Files (x86)\Windows Kits\8.1\Windows Performance Toolkit\;C:\Program Files\Microsoft SQL Server\120\Tools\Binn\;C:\Program Files\Microsoft SQL Server\130\Tools\Binn\;C:\Program Files (x86)\Microsoft Emulator Manager\1.0\;C:\Program Files\Git\cmd;C:\Program Files (x86)\nodejs\;C:\Program Files\PuTTY\;C:\Program Files (x86)\Microsoft SQL Server\110\Tools\Binn\;C:\Program Files\Microsoft SQL Server\110\Tools\Binn\;C:\Program Files\Microsoft SQL Server\110\DTS\Binn\;C:\Program Files (x86)\Microsoft SQL Server\110\Tools\Binn\ManagementStudio\;C:\Program Files (x86)\Microsoft SQL Server\110\DTS\Binn\;C:\Program Files\JetBrains\IntelliJ IDEA 2017.3.3\plugins\maven\lib\maven3\bin;C:\Program Files\JetBrains\IntelliJ IDEA 2017.3.3\plugins\maven\lib\maven3\;C:\Users\mflef\AppData\Local\Microsoft\WindowsApps;C:\Users\mflef\AppData\Roaming\npm;C:\Program Files\Heroku\bin;."/>
    <property name="java.vm.info" value="mixed mode"/>
    <property name="java.vendor" value="Oracle Corporation"/>
    <property name="java.vm.version" value="25.161-b12"/>
    <property name="java.ext.dirs" value="C:\Program Files\Java\jdk1.8.0_161\jre\lib\ext;C:\WINDOWS\Sun\Java\lib\ext"/>
    <property name="sun.io.unicode.encoding" value="UnicodeLittle"/>
    <property name="java.class.version" value="52.0"/>
  </properties>
  <testcase name="givenInvalidDateRangeThenExceptionMustReturned" classname="com.flefel.CodingExercise.interactors.OffersSearchValidatorUseCaseTest" time="0.217"/>
  <testcase name="givenInvalidDateMaxRatingThenExceptionMustReturned" classname="com.flefel.CodingExercise.interactors.OffersSearchValidatorUseCaseTest" time="0.065"/>
  <testcase name="givenInvalidLengthOfStayThenExceptionMustReturned" classname="com.flefel.CodingExercise.interactors.OffersSearchValidatorUseCaseTest" time="0.054"/>
  <testcase name="givenInvalidDateMaxTotalRatingThenExceptionMustReturned" classname="com.flefel.CodingExercise.interactors.OffersSearchValidatorUseCaseTest" time="0.055"/>
  <testcase name="givenValidSearchParametersThenNothing" classname="com.flefel.CodingExercise.interactors.OffersSearchValidatorUseCaseTest" time="0"/>
  <testcase name="givenInvalidDateMaxGuestRatingThenExceptionMustReturned" classname="com.flefel.CodingExercise.interactors.OffersSearchValidatorUseCaseTest" time="0.051"/>
  <testcase name="givenInvalidDateMinTotalRatingThenExceptionMustReturned" classname="com.flefel.CodingExercise.interactors.OffersSearchValidatorUseCaseTest" time="0.053"/>
  <testcase name="givenInvalidDateMinGuestRatingThenExceptionMustReturned" classname="com.flefel.CodingExercise.interactors.OffersSearchValidatorUseCaseTest" time="0.045"/>
  <testcase name="givenInvalidDateMinRatingThenExceptionMustReturned" classname="com.flefel.CodingExercise.interactors.OffersSearchValidatorUseCaseTest" time="0.054"/>
</testsuite>